{
  "RSpec": {
    "coverage": {
      "/Users/hirokiraj/dojo/internblog/app/helpers/application_helper.rb": [
        1,
        null
      ],
      "/Users/hirokiraj/dojo/internblog/app/controllers/authors_controller.rb": [
        1,
        1,
        3,
        null,
        null,
        1,
        3,
        null,
        null,
        1,
        3,
        null,
        null,
        1,
        5,
        5,
        3,
        null,
        2,
        null,
        null,
        null,
        1,
        3,
        null,
        null,
        1,
        5,
        5,
        3,
        null,
        2,
        null,
        null,
        null,
        1,
        3,
        3,
        3,
        null,
        null,
        1,
        null,
        1,
        10,
        null,
        null
      ],
      "/Users/hirokiraj/dojo/internblog/app/controllers/application_controller.rb": [
        1,
        null
      ],
      "/Users/hirokiraj/dojo/internblog/app/models/author.rb": [
        1,
        1,
        null,
        1,
        null,
        4,
        null,
        1,
        1,
        null,
        null,
        1,
        1,
        null,
        null,
        1,
        null,
        1,
        29,
        null,
        null
      ],
      "/Users/hirokiraj/dojo/internblog/app/models/application_record.rb": [
        1,
        1,
        null
      ],
      "/Users/hirokiraj/dojo/internblog/app/models/post.rb": [
        1,
        1,
        null
      ],
      "/Users/hirokiraj/dojo/internblog/app/mailers/application_mailer.rb": [
        0,
        0,
        0,
        0
      ],
      "/Users/hirokiraj/dojo/internblog/app/jobs/application_job.rb": [
        0,
        0
      ],
      "/Users/hirokiraj/dojo/internblog/app/controllers/home_controller.rb": [
        0,
        0,
        0
      ],
      "/Users/hirokiraj/dojo/internblog/app/channels/application_cable/connection.rb": [
        0,
        0,
        0,
        0
      ],
      "/Users/hirokiraj/dojo/internblog/app/channels/application_cable/channel.rb": [
        0,
        0,
        0,
        0
      ]
    },
    "timestamp": 1562923044
  }
}
